{
  "stats": {
    "suites": 1,
    "tests": 1,
    "passes": 0,
    "pending": 0,
    "failures": 1,
    "start": "2024-07-06T17:21:55.813Z",
    "end": "2024-07-06T17:21:58.643Z",
    "duration": 2830,
    "testsRegistered": 1,
    "passPercent": 0,
    "pendingPercent": 0,
    "other": 0,
    "hasOther": false,
    "skipped": 0,
    "hasSkipped": false
  },
  "results": [
    {
      "uuid": "dd9ae893-54e7-42a5-b6af-3471549c8857",
      "title": "",
      "fullFile": "cypress\\e2e\\login.cy.js",
      "file": "cypress\\e2e\\login.cy.js",
      "beforeHooks": [],
      "afterHooks": [],
      "tests": [],
      "suites": [
        {
          "uuid": "87a053c9-b7e0-4b4e-8746-f520bf6bf039",
          "title": "login",
          "fullFile": "",
          "file": "",
          "beforeHooks": [],
          "afterHooks": [],
          "tests": [
            {
              "title": "Login",
              "fullTitle": "login Login",
              "timedOut": null,
              "duration": 2146,
              "state": "failed",
              "speed": null,
              "pass": false,
              "fail": true,
              "pending": false,
              "context": null,
              "code": "cy.visit('https://conduit.bondaracademy.com/');\ncy.get('.home-page').click();\ncy.get('.navbar-nav > .nav-item:nth-child(2) > .nav-link').click();\ncy.get('.form-group:nth-child(2) > .form-control').click();\ncy.get('[placeholder=\"Email\"]').type('cytest4@test.com');\ncy.get('.form-group:nth-child(3) > .form-control').type('test');\ncy.get('.btn').click();\ncy.get('.ng-submitted').submit();\ncy.get('.nav-item:nth-child(4) > .nav-link').click();\ncy.get('.btn-outline-secondary').click();\ncy.log('logged in');",
              "err": {
                "message": "CypressError: `cy.visit()` failed trying to load:\n\nhttps://conduit.bondaracademy.com/\n\nWe attempted to make an http request to this URL but the request failed without a response.\n\nWe received this error at the network level:\n\n  > Error: getaddrinfo ENOTFOUND conduit.bondaracademy.com\n\nCommon situations why this would fail:\n  - you don't have internet access\n  - you forgot to run / boot your web server\n  - your web server isn't accessible\n  - you have weird network configuration settings on your computer",
                "estack": "CypressError: `cy.visit()` failed trying to load:\n\nhttps://conduit.bondaracademy.com/\n\nWe attempted to make an http request to this URL but the request failed without a response.\n\nWe received this error at the network level:\n\n  > Error: getaddrinfo ENOTFOUND conduit.bondaracademy.com\n\nCommon situations why this would fail:\n  - you don't have internet access\n  - you forgot to run / boot your web server\n  - your web server isn't accessible\n  - you have weird network configuration settings on your computer\n    at <unknown> (http://localhost:52609/__cypress/runner/cypress_runner.js:131488:74)\n    at visitFailedByErr (http://localhost:52609/__cypress/runner/cypress_runner.js:130886:12)\n    at <unknown> (http://localhost:52609/__cypress/runner/cypress_runner.js:131487:11)\n    at tryCatcher (http://localhost:52609/__cypress/runner/cypress_runner.js:1807:23)\n    at Promise._settlePromiseFromHandler (http://localhost:52609/__cypress/runner/cypress_runner.js:1519:31)\n    at Promise._settlePromise (http://localhost:52609/__cypress/runner/cypress_runner.js:1576:18)\n    at Promise._settlePromise0 (http://localhost:52609/__cypress/runner/cypress_runner.js:1621:10)\n    at Promise._settlePromises (http://localhost:52609/__cypress/runner/cypress_runner.js:1697:18)\n    at _drainQueueStep (http://localhost:52609/__cypress/runner/cypress_runner.js:2407:12)\n    at _drainQueue (http://localhost:52609/__cypress/runner/cypress_runner.js:2400:9)\n    at Async._drainQueues (http://localhost:52609/__cypress/runner/cypress_runner.js:2416:5)\n    at Async.drainQueues (http://localhost:52609/__cypress/runner/cypress_runner.js:2286:14)\nFrom Your Spec Code:\n    at Context.eval (webpack://cypressrecorder/./cypress/e2e/login.cy.js:4:11)\n\nFrom Node.js Internals:\n  Error: getaddrinfo ENOTFOUND conduit.bondaracademy.com\n      at GetAddrInfoReqWrap.onlookup [as oncomplete] (node:dns:108:26)",
                "diff": null
              },
              "uuid": "d9e96192-b799-4465-9f6e-109ccb56843d",
              "parentUUID": "87a053c9-b7e0-4b4e-8746-f520bf6bf039",
              "isHook": false,
              "skipped": false
            }
          ],
          "suites": [],
          "passes": [],
          "failures": [
            "d9e96192-b799-4465-9f6e-109ccb56843d"
          ],
          "pending": [],
          "skipped": [],
          "duration": 2146,
          "root": false,
          "rootEmpty": false,
          "_timeout": 2000
        }
      ],
      "passes": [],
      "failures": [],
      "pending": [],
      "skipped": [],
      "duration": 0,
      "root": true,
      "rootEmpty": true,
      "_timeout": 2000
    }
  ],
  "meta": {
    "mocha": {
      "version": "7.0.1"
    },
    "mochawesome": {
      "options": {
        "quiet": false,
        "reportFilename": "mochawesome",
        "saveHtml": true,
        "saveJson": true,
        "consoleReporter": "spec",
        "useInlineDiffs": false,
        "code": true
      },
      "version": "7.1.3"
    },
    "marge": {
      "options": {
        "mochaFile": "results/test-output.json",
        "toConsole": true,
        "overwrite": true,
        "html": true,
        "json": true,
        "includeCode": false
      },
      "version": "6.2.0"
    }
  }
}